<?xml version="1.0" encoding="UTF-8"?>
<testsuite xmlns:xsi="http://www.w3.org/2001/XMLSchema-instance" xsi:noNamespaceSchemaLocation="https://maven.apache.org/surefire/maven-surefire-plugin/xsd/surefire-test-report-3.0.xsd" version="3.0" name="TestSuite" time="1.801" tests="6" errors="0" skipped="0" failures="0">
  <properties>
    <property name="sun.desktop" value="windows"/>
    <property name="awt.toolkit" value="sun.awt.windows.WToolkit"/>
    <property name="file.encoding.pkg" value="sun.io"/>
    <property name="java.specification.version" value="1.8"/>
    <property name="sun.cpu.isalist" value="pentium_pro+mmx pentium_pro pentium+mmx pentium i486 i386 i86"/>
    <property name="sun.jnu.encoding" value="Cp1252"/>
    <property name="java.class.path" value="C:\Users\w.vrushali\eclipse-workspace\TestProject\target\test-classes;C:\Users\w.vrushali\eclipse-workspace\TestProject\target\classes;C:\Users\w.vrushali\.m2\repository\org\testng\testng\6.14.3\testng-6.14.3.jar;C:\Users\w.vrushali\.m2\repository\com\beust\jcommander\1.72\jcommander-1.72.jar;C:\Users\w.vrushali\.m2\repository\org\apache-extras\beanshell\bsh\2.0b6\bsh-2.0b6.jar;"/>
    <property name="java.vm.vendor" value="Oracle Corporation"/>
    <property name="sun.arch.data.model" value="32"/>
    <property name="user.variant" value=""/>
    <property name="java.vendor.url" value="http://java.oracle.com/"/>
    <property name="user.timezone" value="Asia/Calcutta"/>
    <property name="user.country.format" value="IN"/>
    <property name="java.vm.specification.version" value="1.8"/>
    <property name="os.name" value="Windows 8.1"/>
    <property name="user.country" value="US"/>
    <property name="sun.java.launcher" value="SUN_STANDARD"/>
    <property name="sun.boot.library.path" value="C:\Program Files (x86)\Java\jre1.8.0_361\bin"/>
    <property name="sun.java.command" value="C:\Users\w.vrushali\AppData\Local\Temp\surefire1849136440521026611\surefirebooter3696624981282649753.jar C:\Users\w.vrushali\AppData\Local\Temp\surefire1849136440521026611 ????-??-??T??-??-??_???-jvmRun1 surefire2340902606379838894tmp surefire_06571217707116030221tmp"/>
    <property name="surefire.test.class.path" value="C:\Users\w.vrushali\eclipse-workspace\TestProject\target\test-classes;C:\Users\w.vrushali\eclipse-workspace\TestProject\target\classes;C:\Users\w.vrushali\.m2\repository\org\testng\testng\6.14.3\testng-6.14.3.jar;C:\Users\w.vrushali\.m2\repository\com\beust\jcommander\1.72\jcommander-1.72.jar;C:\Users\w.vrushali\.m2\repository\org\apache-extras\beanshell\bsh\2.0b6\bsh-2.0b6.jar;"/>
    <property name="sun.cpu.endian" value="little"/>
    <property name="user.home" value="C:\Users\w.vrushali"/>
    <property name="user.language" value="en"/>
    <property name="java.specification.vendor" value="Oracle Corporation"/>
    <property name="java.home" value="C:\Program Files (x86)\Java\jre1.8.0_361"/>
    <property name="basedir" value="C:\Users\w.vrushali\eclipse-workspace\TestProject"/>
    <property name="file.separator" value="\"/>
    <property name="line.separator" value="&#10;"/>
    <property name="java.vm.specification.vendor" value="Oracle Corporation"/>
    <property name="java.specification.name" value="Java Platform API Specification"/>
    <property name="java.awt.graphicsenv" value="sun.awt.Win32GraphicsEnvironment"/>
    <property name="surefire.real.class.path" value="C:\Users\w.vrushali\AppData\Local\Temp\surefire1849136440521026611\surefirebooter3696624981282649753.jar"/>
    <property name="sun.boot.class.path" value="C:\Program Files (x86)\Java\jre1.8.0_361\lib\resources.jar;C:\Program Files (x86)\Java\jre1.8.0_361\lib\rt.jar;C:\Program Files (x86)\Java\jre1.8.0_361\lib\jsse.jar;C:\Program Files (x86)\Java\jre1.8.0_361\lib\jce.jar;C:\Program Files (x86)\Java\jre1.8.0_361\lib\charsets.jar;C:\Program Files (x86)\Java\jre1.8.0_361\lib\jfr.jar;C:\Program Files (x86)\Java\jre1.8.0_361\classes"/>
    <property name="user.script" value=""/>
    <property name="sun.management.compiler" value="HotSpot Client Compiler"/>
    <property name="java.runtime.version" value="1.8.0_361-b09"/>
    <property name="user.name" value="w.vrushali"/>
    <property name="path.separator" value=";"/>
    <property name="os.version" value="6.3"/>
    <property name="java.endorsed.dirs" value="C:\Program Files (x86)\Java\jre1.8.0_361\lib\endorsed"/>
    <property name="java.runtime.name" value="Java(TM) SE Runtime Environment"/>
    <property name="file.encoding" value="Cp1252"/>
    <property name="java.vm.name" value="Java HotSpot(TM) Client VM"/>
    <property name="localRepository" value="C:\Users\w.vrushali\.m2\repository"/>
    <property name="java.vendor.url.bug" value="http://bugreport.sun.com/bugreport/"/>
    <property name="java.io.tmpdir" value="C:\Users\WAAA1~1.VRU\AppData\Local\Temp\"/>
    <property name="java.version" value="1.8.0_361"/>
    <property name="user.dir" value="C:\Users\w.vrushali\eclipse-workspace\TestProject"/>
    <property name="os.arch" value="x86"/>
    <property name="java.vm.specification.name" value="Java Virtual Machine Specification"/>
    <property name="java.awt.printerjob" value="sun.awt.windows.WPrinterJob"/>
    <property name="user.language.format" value="hi"/>
    <property name="sun.os.patch.level" value=""/>
    <property name="java.library.path" value="C:\Program Files (x86)\Java\jre1.8.0_361\bin;C:\Windows\Sun\Java\bin;C:\Windows\system32;C:\Windows;C:\Program Files (x86)\Common Files\Oracle\Java\javapath;C:\Program Files (x86)\NVIDIA Corporation\PhysX\Common;C:\Program Files (x86)\Intel\iCLS Client\;C:\Program Files\Intel\iCLS Client\;C:\Windows\system32;C:\Windows;C:\Windows\System32\Wbem;C:\Windows\System32\WindowsPowerShell\v1.0\;C:\Program Files\Intel\Intel(R) Management Engine Components\DAL;C:\Program Files (x86)\Intel\Intel(R) Management Engine Components\DAL;C:\Program Files\Intel\Intel(R) Management Engine Components\IPT;C:\Program Files (x86)\Intel\Intel(R) Management Engine Components\IPT;C:\Program Files\Hewlett-Packard\SimplePass\;C:\mysql\mysql-8.0.32-winx64\bin\;C:\Users\w.vrushali\Downloads\exe\Mavan\apache-maven-3.9.1-bin\apache-maven-3.9.1\bin;C:\Program Files (x86)\Microsoft\Edge\Application;C:\Users\w.vrushali\AppData\Local\Programs\Git\cmd;C:\Users\w.vrushali\AppData\Local\Programs\Git\mingw64\bin;C:\Users\w.vrushali\AppData\Local\Programs\Git\usr\bin;."/>
    <property name="java.vm.info" value="mixed mode"/>
    <property name="java.vendor" value="Oracle Corporation"/>
    <property name="java.vm.version" value="25.361-b09"/>
    <property name="java.specification.maintenance.version" value="4"/>
    <property name="java.ext.dirs" value="C:\Program Files (x86)\Java\jre1.8.0_361\lib\ext;C:\Windows\Sun\Java\lib\ext"/>
    <property name="sun.io.unicode.encoding" value="UnicodeLittle"/>
    <property name="java.class.version" value="52.0"/>
  </properties>
  <testcase name="test2" classname="testcase.CreditCardTest" time="0.001">
    <system-out><![CDATA[[TestNGContentHandler] [WARN] It is strongly recommended to add "<!DOCTYPE suite SYSTEM "http://testng.org/testng-1.0.dtd" >" at the top of your file, otherwise TestNG may fail or not work as expected.
Inside before Test
Inside before method
Inside CreditCardTest test 2
]]></system-out>
  </testcase>
  <testcase name="test4" classname="testcase.CreditCardTest" time="0">
    <system-out><![CDATA[Inside after method
Inside before method
Inside CreditCardTest test 4
]]></system-out>
  </testcase>
  <testcase name="test3" classname="testcase.CreditCardTest" time="0">
    <system-out><![CDATA[Inside after method
Inside before method
Inside CreditCardTest test 3
]]></system-out>
  </testcase>
  <testcase name="test1" classname="testcase.CreditCardTest" time="0">
    <system-out><![CDATA[Inside after method
Inside before method
Inside CreditCardTest test 1
]]></system-out>
  </testcase>
  <testcase name="test3" classname="testcase.HomeLoanTest" time="0.001">
    <system-out><![CDATA[Inside after method
Inside before method
Inside home loan test 3
]]></system-out>
  </testcase>
  <testcase name="test2" classname="testcase.HomeLoanTest" time="0">
    <system-out><![CDATA[Inside after method
Inside before method
Inside home loan test 2
]]></system-out>
  </testcase>
</testsuite>