<?xml version="1.0" encoding="UTF-8"?>
<!-- Generated by org.testng.reporters.JUnitReportReporter -->
<testsuite hostname="Dhruv" failures="0" tests="2" name="testcase.HomeLoanTest" time="0.004" errors="0" timestamp="16 अप्रैल 2023 04:27:11 GMT" skipped="1">
  <testcase classname="testcase.HomeLoanTest" name="test3" time="0.004"/>
  <testcase classname="testcase.HomeLoanTest" name="test1">
    <skipped/>
  </testcase> <!-- test1 -->
</testsuite> <!-- testcase.HomeLoanTest -->
