<?xml version="1.0" encoding="UTF-8"?>
<!-- Generated by org.testng.reporters.JUnitReportReporter -->
<testsuite hostname="Dhruv" failures="0" tests="1" name="testcase.CarLoanTest" time="0.007" errors="0" timestamp="16 अप्रैल 2023 03:51:29 GMT" skipped="0">
  <testcase classname="testcase.CarLoanTest" name="Test3" time="0.007"/>
</testsuite> <!-- testcase.CarLoanTest -->
