<?xml version="1.0" encoding="UTF-8"?>
<!-- Generated by org.testng.reporters.JUnitReportReporter -->
<testsuite hostname="Dhruv" failures="0" tests="1" name="testcase.CreditCardTest" time="0.010" errors="0" timestamp="16 अप्रैल 2023 04:27:11 GMT" skipped="0">
  <testcase classname="testcase.CreditCardTest" name="test4" time="0.010"/>
</testsuite> <!-- testcase.CreditCardTest -->
