<?xml version="1.0" encoding="UTF-8"?>
<!-- Generated by org.testng.reporters.JUnitReportReporter -->
<testsuite skipped="0" hostname="Dhruv" name="testcase.CreditCardTest" tests="4" failures="0" timestamp="१६ अप्रैल २०२३ ०४:५३:३१ GMT" time="०.००४" errors="0">
  <testcase name="test2" time="०.००३" classname="testcase.CreditCardTest"/>
  <testcase name="test3" time="०.०००" classname="testcase.CreditCardTest"/>
  <testcase name="test4" time="०.०००" classname="testcase.CreditCardTest"/>
  <testcase name="test1" time="०.००१" classname="testcase.CreditCardTest"/>
</testsuite> <!-- testcase.CreditCardTest -->
