<?xml version="1.0" encoding="UTF-8"?>
<!-- Generated by org.testng.reporters.JUnitReportReporter -->
<testsuite skipped="1" hostname="Dhruv" name="testcase.HomeLoanTest" tests="3" failures="0" timestamp="१६ अप्रैल २०२३ ०४:५३:३१ GMT" time="०.००४" errors="0">
  <testcase name="test3" time="०.००२" classname="testcase.HomeLoanTest"/>
  <testcase name="test2" time="०.००२" classname="testcase.HomeLoanTest"/>
  <testcase name="test1" classname="testcase.HomeLoanTest">
    <skipped/>
  </testcase> <!-- test1 -->
</testsuite> <!-- testcase.HomeLoanTest -->
